Build started 10/10/2014 7:42:25 PM.
     1>Project "C:\Users\Gabriel\Documents\TextEditor-FinalProject\TextEditor-FinalProject.vcxproj" on node 2 (Build target(s)).
     1>ClCompile:
         C:\Program Files (x86)\Microsoft Visual Studio 12.0\VC\bin\CL.exe /c /ZI /nologo /W3 /WX- /sdl /Od /Oy- /D WIN32 /D _DEBUG /D _CONSOLE /D _LIB /D _UNICODE /D UNICODE /Gm /EHsc /RTC1 /MDd /GS /fp:precise /Zc:wchar_t /Zc:forScope /Fo"Debug\\" /Fd"Debug\vc120.pdb" /Gd /TP /analyze- /errorReport:prompt "..\Visual Studio 2013\Projects\CECS2223\Tipo\MyString.cpp" EditorGenerator.cpp FileManager.cpp MyMenu.cpp
         MyMenu.cpp
     1>c:\users\gabriel\documents\texteditor-finalproject\mymenu.h(2): fatal error C1083: Cannot open include file: 'ListaDeCadenas.h': No such file or directory
         FileManager.cpp
     1>c:\users\gabriel\documents\texteditor-finalproject\mymenu.h(2): fatal error C1083: Cannot open include file: 'ListaDeCadenas.h': No such file or directory
         EditorGenerator.cpp
     1>c:\users\gabriel\documents\texteditor-finalproject\editorgenerator.cpp(6): error C2059: syntax error : '<<'
     1>c:\users\gabriel\documents\texteditor-finalproject\editorgenerator.cpp(17): error C2059: syntax error : '=='
     1>c:\users\gabriel\documents\texteditor-finalproject\editorgenerator.cpp(19): error C2143: syntax error : missing ';' before '{'
     1>c:\users\gabriel\documents\texteditor-finalproject\editorgenerator.cpp(19): error C2447: '{' : missing function header (old-style formal list?)
     1>c:\users\gabriel\documents\texteditor-finalproject\editorgenerator.cpp(48): error C2059: syntax error : '>>'
         MyString.cpp
     1>c:\users\gabriel\documents\visual studio 2013\projects\cecs2223\tipo\mystring.cpp(170): warning C4552: '-' : operator has no effect; expected operator with side-effect
     1>c:\users\gabriel\documents\visual studio 2013\projects\cecs2223\tipo\mystring.cpp(335): warning C4172: returning address of local variable or temporary
         Generating Code...
     1>Done Building Project "C:\Users\Gabriel\Documents\TextEditor-FinalProject\TextEditor-FinalProject.vcxproj" (Build target(s)) -- FAILED.

Build FAILED.

Time Elapsed 00:00:03.90
